# JRE version: OpenJDK Runtime Environment (8.0_212-b04) (build 1.8.0_212-release-1586-b04)
# Java VM: OpenJDK 64-Bit Server VM (25.212-b04 mixed mode windows-amd64 compressed oops)
Heap:
 PSYoungGen      total 450048K, used 178082K [0x00000000e0000000, 0x00000000ffa80000, 0x0000000100000000)
  eden space 401408K, 40% used [0x00000000e0000000,0x00000000e9d02f50,0x00000000f8800000)
  from space 48640K, 35% used [0x00000000f8800000,0x00000000f98e5b88,0x00000000fb780000)
  to   space 47104K, 0% used [0x00000000fcc80000,0x00000000fcc80000,0x00000000ffa80000)
 ParOldGen       total 205312K, used 77968K [0x00000000a0000000, 0x00000000ac880000, 0x00000000e0000000)
  object space 205312K, 37% used [0x00000000a0000000,0x00000000a4c24390,0x00000000ac880000)
 Metaspace       used 99746K, capacity 104400K, committed 104616K, reserved 1140736K
  class space    used 12969K, capacity 13914K, committed 13992K, reserved 1048576K
GC Heap History (10 events):
Event: 488.836 GC heap before
{Heap before GC invocations=23 (full 4):
 PSYoungGen      total 311808K, used 47597K [0x00000000e0000000, 0x00000000fa880000, 0x0000000100000000)
  eden space 264192K, 0% used [0x00000000e0000000,0x00000000e0000000,0x00000000f0200000)
  from space 47616K, 99% used [0x00000000f0200000,0x00000000f307b4b8,0x00000000f3080000)
  to   space 55808K, 0% used [0x00000000f7200000,0x00000000f7200000,0x00000000fa880000)
 ParOldGen       total 138752K, used 47821K [0x00000000a0000000, 0x00000000a8780000, 0x00000000e0000000)
  object space 138752K, 34% used [0x00000000a0000000,0x00000000a2eb35d0,0x00000000a8780000)
 Metaspace       used 93872K, capacity 98502K, committed 98600K, reserved 1134592K
  class space    used 12336K, capacity 13297K, committed 13352K, reserved 1048576K
Event: 489.508 GC heap after
Heap after GC invocations=23 (full 4):
 PSYoungGen      total 311808K, used 0K [0x00000000e0000000, 0x00000000fa880000, 0x0000000100000000)
  eden space 264192K, 0% used [0x00000000e0000000,0x00000000e0000000,0x00000000f0200000)
  from space 47616K, 0% used [0x00000000f0200000,0x00000000f0200000,0x00000000f3080000)
  to   space 55808K, 0% used [0x00000000f7200000,0x00000000f7200000,0x00000000fa880000)
 ParOldGen       total 205312K, used 77936K [0x00000000a0000000, 0x00000000ac880000, 0x00000000e0000000)
  object space 205312K, 37% used [0x00000000a0000000,0x00000000a4c1c390,0x00000000ac880000)
 Metaspace       used 93374K, capacity 97088K, committed 98600K, reserved 1134592K
  class space    used 12170K, capacity 13004K, committed 13352K, reserved 1048576K
}
Event: 498.284 GC heap before
{Heap before GC invocations=24 (full 4):
 PSYoungGen      total 311808K, used 264192K [0x00000000e0000000, 0x00000000fa880000, 0x0000000100000000)
  eden space 264192K, 100% used [0x00000000e0000000,0x00000000f0200000,0x00000000f0200000)
  from space 47616K, 0% used [0x00000000f0200000,0x00000000f0200000,0x00000000f3080000)
  to   space 55808K, 0% used [0x00000000f7200000,0x00000000f7200000,0x00000000fa880000)
 ParOldGen       total 205312K, used 77936K [0x00000000a0000000, 0x00000000ac880000, 0x00000000e0000000)
  object space 205312K, 37% used [0x00000000a0000000,0x00000000a4c1c390,0x00000000ac880000)
 Metaspace       used 98381K, capacity 102938K, committed 103336K, reserved 1138688K
  class space    used 12887K, capacity 13827K, committed 13992K, reserved 1048576K
Event: 498.339 GC heap after
Heap after GC invocations=24 (full 4):
 PSYoungGen      total 375808K, used 20264K [0x00000000e0000000, 0x00000000fa400000, 0x0000000100000000)
  eden space 324608K, 0% used [0x00000000e0000000,0x00000000e0000000,0x00000000f3d00000)
  from space 51200K, 39% used [0x00000000f7200000,0x00000000f85ca390,0x00000000fa400000)
  to   space 52736K, 0% used [0x00000000f3d00000,0x00000000f3d00000,0x00000000f7080000)
 ParOldGen       total 205312K, used 77944K [0x00000000a0000000, 0x00000000ac880000, 0x00000000e0000000)
  object space 205312K, 37% used [0x00000000a0000000,0x00000000a4c1e390,0x00000000ac880000)
 Metaspace       used 98381K, capacity 102938K, committed 103336K, reserved 1138688K
  class space    used 12887K, capacity 13827K, committed 13992K, reserved 1048576K
}
Event: 502.373 GC heap before
{Heap before GC invocations=25 (full 4):
 PSYoungGen      total 375808K, used 344872K [0x00000000e0000000, 0x00000000fa400000, 0x0000000100000000)
  eden space 324608K, 100% used [0x00000000e0000000,0x00000000f3d00000,0x00000000f3d00000)
  from space 51200K, 39% used [0x00000000f7200000,0x00000000f85ca390,0x00000000fa400000)
  to   space 52736K, 0% used [0x00000000f3d00000,0x00000000f3d00000,0x00000000f7080000)
 ParOldGen       total 205312K, used 77944K [0x00000000a0000000, 0x00000000ac880000, 0x00000000e0000000)
  object space 205312K, 37% used [0x00000000a0000000,0x00000000a4c1e390,0x00000000ac880000)
 Metaspace       used 99262K, capacity 103894K, committed 104104K, reserved 1138688K
  class space    used 12930K, capacity 13863K, committed 13992K, reserved 1048576K
Event: 502.429 GC heap after
Heap after GC invocations=25 (full 4):
 PSYoungGen      total 377344K, used 26355K [0x00000000e0000000, 0x00000000fe980000, 0x0000000100000000)
  eden space 324608K, 0% used [0x00000000e0000000,0x00000000e0000000,0x00000000f3d00000)
  from space 52736K, 49% used [0x00000000f3d00000,0x00000000f56bcd50,0x00000000f7080000)
  to   space 51200K, 0% used [0x00000000fb780000,0x00000000fb780000,0x00000000fe980000)
 ParOldGen       total 205312K, used 77952K [0x00000000a0000000, 0x00000000ac880000, 0x00000000e0000000)
  object space 205312K, 37% used [0x00000000a0000000,0x00000000a4c20390,0x00000000ac880000)
 Metaspace       used 99262K, capacity 103894K, committed 104104K, reserved 1138688K
  class space    used 12930K, capacity 13863K, committed 13992K, reserved 1048576K
}
Event: 505.214 GC heap before
{Heap before GC invocations=26 (full 4):
 PSYoungGen      total 377344K, used 350963K [0x00000000e0000000, 0x00000000fe980000, 0x0000000100000000)
  eden space 324608K, 100% used [0x00000000e0000000,0x00000000f3d00000,0x00000000f3d00000)
  from space 52736K, 49% used [0x00000000f3d00000,0x00000000f56bcd50,0x00000000f7080000)
  to   space 51200K, 0% used [0x00000000fb780000,0x00000000fb780000,0x00000000fe980000)
 ParOldGen       total 205312K, used 77952K [0x00000000a0000000, 0x00000000ac880000, 0x00000000e0000000)
  object space 205312K, 37% used [0x00000000a0000000,0x00000000a4c20390,0x00000000ac880000)
 Metaspace       used 99497K, capacity 104154K, committed 104360K, reserved 1140736K
  class space    used 12955K, capacity 13879K, committed 13992K, reserved 1048576K
Event: 505.337 GC heap after
Heap after GC invocations=26 (full 4):
 PSYoungGen      total 452608K, used 23653K [0x00000000e0000000, 0x00000000ff180000, 0x0000000100000000)
  eden space 401408K, 0% used [0x00000000e0000000,0x00000000e0000000,0x00000000f8800000)
  from space 51200K, 46% used [0x00000000fb780000,0x00000000fce99518,0x00000000fe980000)
  to   space 48640K, 0% used [0x00000000f8800000,0x00000000f8800000,0x00000000fb780000)
 ParOldGen       total 205312K, used 77960K [0x00000000a0000000, 0x00000000ac880000, 0x00000000e0000000)
  object space 205312K, 37% used [0x00000000a0000000,0x00000000a4c22390,0x00000000ac880000)
 Metaspace       used 99497K, capacity 104154K, committed 104360K, reserved 1140736K
  class space    used 12955K, capacity 13879K, committed 13992K, reserved 1048576K
}
Event: 511.284 GC heap before
{Heap before GC invocations=27 (full 4):
 PSYoungGen      total 452608K, used 425061K [0x00000000e0000000, 0x00000000ff180000, 0x0000000100000000)
  eden space 401408K, 100% used [0x00000000e0000000,0x00000000f8800000,0x00000000f8800000)
  from space 51200K, 46% used [0x00000000fb780000,0x00000000fce99518,0x00000000fe980000)
  to   space 48640K, 0% used [0x00000000f8800000,0x00000000f8800000,0x00000000fb780000)
 ParOldGen       total 205312K, used 77960K [0x00000000a0000000, 0x00000000ac880000, 0x00000000e0000000)
  object space 205312K, 37% used [0x00000000a0000000,0x00000000a4c22390,0x00000000ac880000)
 Metaspace       used 99661K, capacity 104336K, committed 104616K, reserved 1140736K
  class space    used 12969K, capacity 13914K, committed 13992K, reserved 1048576K
Event: 511.328 GC heap after
Heap after GC invocations=27 (full 4):
 PSYoungGen      total 450048K, used 17302K [0x00000000e0000000, 0x00000000ffa80000, 0x0000000100000000)
  eden space 401408K, 0% used [0x00000000e0000000,0x00000000e0000000,0x00000000f8800000)
  from space 48640K, 35% used [0x00000000f8800000,0x00000000f98e5b88,0x00000000fb780000)
  to   space 47104K, 0% used [0x00000000fcc80000,0x00000000fcc80000,0x00000000ffa80000)
 ParOldGen       total 205312K, used 77968K [0x00000000a0000000, 0x00000000ac880000, 0x00000000e0000000)
  object space 205312K, 37% used [0x00000000a0000000,0x00000000a4c24390,0x00000000ac880000)
 Metaspace       used 99661K, capacity 104336K, committed 104616K, reserved 1140736K
  class space    used 12969K, capacity 13914K, committed 13992K, reserved 1048576K
}

