# JRE version: OpenJDK Runtime Environment (8.0_212-b04) (build 1.8.0_212-release-1586-b04)
# Java VM: OpenJDK 64-Bit Server VM (25.212-b04 mixed mode windows-amd64 compressed oops)
Heap:
 PSYoungGen      total 204800K, used 137060K [0x00000000e0000000, 0x00000000f0280000, 0x0000000100000000)
  eden space 154112K, 80% used [0x00000000e0000000,0x00000000e78ab2f8,0x00000000e9680000)
  from space 50688K, 26% used [0x00000000ed100000,0x00000000ede2dd88,0x00000000f0280000)
  to   space 55296K, 0% used [0x00000000e9680000,0x00000000e9680000,0x00000000ecc80000)
 ParOldGen       total 226816K, used 66123K [0x00000000a0000000, 0x00000000add80000, 0x00000000e0000000)
  object space 226816K, 29% used [0x00000000a0000000,0x00000000a4092f48,0x00000000add80000)
 Metaspace       used 90207K, capacity 93768K, committed 95272K, reserved 1132544K
  class space    used 11821K, capacity 12525K, committed 12840K, reserved 1048576K
GC Heap History (10 events):
Event: 1907.165 GC heap before
{Heap before GC invocations=24 (full 3):
 PSYoungGen      total 172032K, used 172004K [0x00000000e0000000, 0x00000000ed800000, 0x0000000100000000)
  eden space 148992K, 100% used [0x00000000e0000000,0x00000000e9180000,0x00000000e9180000)
  from space 23040K, 99% used [0x00000000eb200000,0x00000000ec879198,0x00000000ec880000)
  to   space 33280K, 0% used [0x00000000e9180000,0x00000000e9180000,0x00000000eb200000)
 ParOldGen       total 133632K, used 80214K [0x00000000a0000000, 0x00000000a8280000, 0x00000000e0000000)
  object space 133632K, 60% used [0x00000000a0000000,0x00000000a4e55a10,0x00000000a8280000)
 Metaspace       used 89654K, capacity 93774K, committed 93992K, reserved 1130496K
  class space    used 11925K, capacity 12732K, committed 12840K, reserved 1048576K
Event: 1907.208 GC heap after
Heap after GC invocations=24 (full 3):
 PSYoungGen      total 182272K, used 33277K [0x00000000e0000000, 0x00000000ef700000, 0x0000000100000000)
  eden space 148992K, 0% used [0x00000000e0000000,0x00000000e0000000,0x00000000e9180000)
  from space 33280K, 99% used [0x00000000e9180000,0x00000000eb1ff788,0x00000000eb200000)
  to   space 47616K, 0% used [0x00000000ec880000,0x00000000ec880000,0x00000000ef700000)
 ParOldGen       total 133632K, used 104919K [0x00000000a0000000, 0x00000000a8280000, 0x00000000e0000000)
  object space 133632K, 78% used [0x00000000a0000000,0x00000000a6675c50,0x00000000a8280000)
 Metaspace       used 89654K, capacity 93774K, committed 93992K, reserved 1130496K
  class space    used 11925K, capacity 12732K, committed 12840K, reserved 1048576K
}
Event: 2072.256 GC heap before
{Heap before GC invocations=25 (full 3):
 PSYoungGen      total 182272K, used 182269K [0x00000000e0000000, 0x00000000ef700000, 0x0000000100000000)
  eden space 148992K, 100% used [0x00000000e0000000,0x00000000e9180000,0x00000000e9180000)
  from space 33280K, 99% used [0x00000000e9180000,0x00000000eb1ff788,0x00000000eb200000)
  to   space 47616K, 0% used [0x00000000ec880000,0x00000000ec880000,0x00000000ef700000)
 ParOldGen       total 133632K, used 104919K [0x00000000a0000000, 0x00000000a8280000, 0x00000000e0000000)
  object space 133632K, 78% used [0x00000000a0000000,0x00000000a6675c50,0x00000000a8280000)
 Metaspace       used 90233K, capacity 94726K, committed 94760K, reserved 1130496K
  class space    used 11982K, capacity 12836K, committed 12840K, reserved 1048576K
Event: 2072.317 GC heap after
Heap after GC invocations=25 (full 3):
 PSYoungGen      total 186880K, used 38180K [0x00000000e0000000, 0x00000000ef200000, 0x0000000100000000)
  eden space 144384K, 0% used [0x00000000e0000000,0x00000000e0000000,0x00000000e8d00000)
  from space 42496K, 89% used [0x00000000ec880000,0x00000000eedc9390,0x00000000ef200000)
  to   space 51712K, 0% used [0x00000000e8d00000,0x00000000e8d00000,0x00000000ebf80000)
 ParOldGen       total 133632K, used 113671K [0x00000000a0000000, 0x00000000a8280000, 0x00000000e0000000)
  object space 133632K, 85% used [0x00000000a0000000,0x00000000a6f01c30,0x00000000a8280000)
 Metaspace       used 90233K, capacity 94726K, committed 94760K, reserved 1130496K
  class space    used 11982K, capacity 12836K, committed 12840K, reserved 1048576K
}
Event: 2072.317 GC heap before
{Heap before GC invocations=26 (full 4):
 PSYoungGen      total 186880K, used 38180K [0x00000000e0000000, 0x00000000ef200000, 0x0000000100000000)
  eden space 144384K, 0% used [0x00000000e0000000,0x00000000e0000000,0x00000000e8d00000)
  from space 42496K, 89% used [0x00000000ec880000,0x00000000eedc9390,0x00000000ef200000)
  to   space 51712K, 0% used [0x00000000e8d00000,0x00000000e8d00000,0x00000000ebf80000)
 ParOldGen       total 133632K, used 113671K [0x00000000a0000000, 0x00000000a8280000, 0x00000000e0000000)
  object space 133632K, 85% used [0x00000000a0000000,0x00000000a6f01c30,0x00000000a8280000)
 Metaspace       used 90233K, capacity 94726K, committed 94760K, reserved 1130496K
  class space    used 11982K, capacity 12836K, committed 12840K, reserved 1048576K
Event: 2072.637 GC heap after
Heap after GC invocations=26 (full 4):
 PSYoungGen      total 186880K, used 0K [0x00000000e0000000, 0x00000000ef200000, 0x0000000100000000)
  eden space 144384K, 0% used [0x00000000e0000000,0x00000000e0000000,0x00000000e8d00000)
  from space 42496K, 0% used [0x00000000ec880000,0x00000000ec880000,0x00000000ef200000)
  to   space 51712K, 0% used [0x00000000e8d00000,0x00000000e8d00000,0x00000000ebf80000)
 ParOldGen       total 226816K, used 66115K [0x00000000a0000000, 0x00000000add80000, 0x00000000e0000000)
  object space 226816K, 29% used [0x00000000a0000000,0x00000000a4090f48,0x00000000add80000)
 Metaspace       used 89517K, capacity 93098K, committed 94760K, reserved 1130496K
  class space    used 11798K, capacity 12504K, committed 12840K, reserved 1048576K
}
Event: 2075.010 GC heap before
{Heap before GC invocations=27 (full 4):
 PSYoungGen      total 186880K, used 144384K [0x00000000e0000000, 0x00000000ef200000, 0x0000000100000000)
  eden space 144384K, 100% used [0x00000000e0000000,0x00000000e8d00000,0x00000000e8d00000)
  from space 42496K, 0% used [0x00000000ec880000,0x00000000ec880000,0x00000000ef200000)
  to   space 51712K, 0% used [0x00000000e8d00000,0x00000000e8d00000,0x00000000ebf80000)
 ParOldGen       total 226816K, used 66115K [0x00000000a0000000, 0x00000000add80000, 0x00000000e0000000)
  object space 226816K, 29% used [0x00000000a0000000,0x00000000a4090f48,0x00000000add80000)
 Metaspace       used 89849K, capacity 93412K, committed 95016K, reserved 1132544K
  class space    used 11804K, capacity 12511K, committed 12840K, reserved 1048576K
Event: 2075.063 GC heap after
Heap after GC invocations=27 (full 4):
 PSYoungGen      total 196096K, used 43440K [0x00000000e0000000, 0x00000000f0900000, 0x0000000100000000)
  eden space 144384K, 0% used [0x00000000e0000000,0x00000000e0000000,0x00000000e8d00000)
  from space 51712K, 84% used [0x00000000e8d00000,0x00000000eb76c238,0x00000000ebf80000)
  to   space 57344K, 0% used [0x00000000ed100000,0x00000000ed100000,0x00000000f0900000)
 ParOldGen       total 226816K, used 66115K [0x00000000a0000000, 0x00000000add80000, 0x00000000e0000000)
  object space 226816K, 29% used [0x00000000a0000000,0x00000000a4090f48,0x00000000add80000)
 Metaspace       used 89849K, capacity 93412K, committed 95016K, reserved 1132544K
  class space    used 11804K, capacity 12511K, committed 12840K, reserved 1048576K
}
Event: 2141.724 GC heap before
{Heap before GC invocations=28 (full 4):
 PSYoungGen      total 196096K, used 187824K [0x00000000e0000000, 0x00000000f0900000, 0x0000000100000000)
  eden space 144384K, 100% used [0x00000000e0000000,0x00000000e8d00000,0x00000000e8d00000)
  from space 51712K, 84% used [0x00000000e8d00000,0x00000000eb76c238,0x00000000ebf80000)
  to   space 57344K, 0% used [0x00000000ed100000,0x00000000ed100000,0x00000000f0900000)
 ParOldGen       total 226816K, used 66115K [0x00000000a0000000, 0x00000000add80000, 0x00000000e0000000)
  object space 226816K, 29% used [0x00000000a0000000,0x00000000a4090f48,0x00000000add80000)
 Metaspace       used 90029K, capacity 93548K, committed 95272K, reserved 1132544K
  class space    used 11811K, capacity 12521K, committed 12840K, reserved 1048576K
Event: 2141.734 GC heap after
Heap after GC invocations=28 (full 4):
 PSYoungGen      total 204800K, used 13495K [0x00000000e0000000, 0x00000000f0280000, 0x0000000100000000)
  eden space 154112K, 0% used [0x00000000e0000000,0x00000000e0000000,0x00000000e9680000)
  from space 50688K, 26% used [0x00000000ed100000,0x00000000ede2dd88,0x00000000f0280000)
  to   space 55296K, 0% used [0x00000000e9680000,0x00000000e9680000,0x00000000ecc80000)
 ParOldGen       total 226816K, used 66123K [0x00000000a0000000, 0x00000000add80000, 0x00000000e0000000)
  object space 226816K, 29% used [0x00000000a0000000,0x00000000a4092f48,0x00000000add80000)
 Metaspace       used 90029K, capacity 93548K, committed 95272K, reserved 1132544K
  class space    used 11811K, capacity 12521K, committed 12840K, reserved 1048576K
}

